# JRE version: OpenJDK Runtime Environment Temurin-21.0.9+10 (21.0.9+10) (build 21.0.9+10-LTS)
# Java VM: OpenJDK 64-Bit Server VM Temurin-21.0.9+10 (21.0.9+10-LTS, mixed mode, sharing, tiered, compressed oops, compressed class ptrs, g1 gc, windows-amd64)
GC Precious Log:
 CardTable entry size: 512
 Card Set container configuration: InlinePtr #cards 5 size 8 Array Of Cards #cards 12 size 40 Howl #buckets 4 coarsen threshold 1843 Howl Bitmap #cards 512 size 80 coarsen threshold 460 Card regions per heap region 1 cards per card region 2048
 CPUs: 2 total, 2 available
 Memory: 4007M
 Large Page Support: Disabled
 NUMA Support: Disabled
 Compressed Oops: Enabled (32-bit)
 Heap Region Size: 1M
 Heap Min Capacity: 8M
 Heap Initial Capacity: 64M
 Heap Max Capacity: 1002M
 Pre-touch: Disabled
 Parallel Workers: 2
 Concurrent Workers: 1
 Concurrent Refinement Workers: 2
 Periodic GC: Disabled
Heap:
 garbage-first heap   total 83968K, used 46142K [0x00000000c1600000, 0x0000000100000000)
  region size 1024K, 4 young (4096K), 1 survivors (1024K)
 Metaspace       used 29415K, committed 29824K, reserved 1114112K
  class space    used 3465K, committed 3648K, reserved 1048576K
GC Heap History (20 events):
Event: 25.477 GC heap before
{Heap before GC invocations=12 (full 0):
 garbage-first heap   total 65536K, used 52099K [0x00000000c1600000, 0x0000000100000000)
  region size 1024K, 18 young (18432K), 3 survivors (3072K)
 Metaspace       used 26624K, committed 27008K, reserved 1114112K
  class space    used 3148K, committed 3328K, reserved 1048576K
}
Event: 25.490 GC heap after
{Heap after GC invocations=13 (full 0):
 garbage-first heap   total 65536K, used 40797K [0x00000000c1600000, 0x0000000100000000)
  region size 1024K, 3 young (3072K), 3 survivors (3072K)
 Metaspace       used 26624K, committed 27008K, reserved 1114112K
  class space    used 3148K, committed 3328K, reserved 1048576K
}
Event: 26.739 GC heap before
{Heap before GC invocations=14 (full 0):
 garbage-first heap   total 68608K, used 53085K [0x00000000c1600000, 0x0000000100000000)
  region size 1024K, 16 young (16384K), 3 survivors (3072K)
 Metaspace       used 27269K, committed 27584K, reserved 1114112K
  class space    used 3233K, committed 3392K, reserved 1048576K
}
Event: 26.746 GC heap after
{Heap after GC invocations=15 (full 0):
 garbage-first heap   total 68608K, used 41531K [0x00000000c1600000, 0x0000000100000000)
  region size 1024K, 1 young (1024K), 1 survivors (1024K)
 Metaspace       used 27269K, committed 27584K, reserved 1114112K
  class space    used 3233K, committed 3392K, reserved 1048576K
}
Event: 27.670 GC heap before
{Heap before GC invocations=15 (full 0):
 garbage-first heap   total 68608K, used 55867K [0x00000000c1600000, 0x0000000100000000)
  region size 1024K, 16 young (16384K), 1 survivors (1024K)
 Metaspace       used 28456K, committed 28800K, reserved 1114112K
  class space    used 3345K, committed 3520K, reserved 1048576K
}
Event: 27.675 GC heap after
{Heap after GC invocations=16 (full 0):
 garbage-first heap   total 68608K, used 40253K [0x00000000c1600000, 0x0000000100000000)
  region size 1024K, 1 young (1024K), 1 survivors (1024K)
 Metaspace       used 28456K, committed 28800K, reserved 1114112K
  class space    used 3345K, committed 3520K, reserved 1048576K
}
Event: 28.646 GC heap before
{Heap before GC invocations=16 (full 0):
 garbage-first heap   total 68608K, used 46397K [0x00000000c1600000, 0x0000000100000000)
  region size 1024K, 9 young (9216K), 1 survivors (1024K)
 Metaspace       used 29259K, committed 29696K, reserved 1114112K
  class space    used 3464K, committed 3648K, reserved 1048576K
}
Event: 28.651 GC heap after
{Heap after GC invocations=17 (full 0):
 garbage-first heap   total 68608K, used 40818K [0x00000000c1600000, 0x0000000100000000)
  region size 1024K, 2 young (2048K), 2 survivors (2048K)
 Metaspace       used 29259K, committed 29696K, reserved 1114112K
  class space    used 3464K, committed 3648K, reserved 1048576K
}
Event: 29.880 GC heap before
{Heap before GC invocations=18 (full 0):
 garbage-first heap   total 68608K, used 59250K [0x00000000c1600000, 0x0000000100000000)
  region size 1024K, 19 young (19456K), 2 survivors (2048K)
 Metaspace       used 29349K, committed 29760K, reserved 1114112K
  class space    used 3465K, committed 3648K, reserved 1048576K
}
Event: 29.896 GC heap after
{Heap after GC invocations=19 (full 0):
 garbage-first heap   total 68608K, used 47002K [0x00000000c1600000, 0x0000000100000000)
  region size 1024K, 3 young (3072K), 3 survivors (3072K)
 Metaspace       used 29349K, committed 29760K, reserved 1114112K
  class space    used 3465K, committed 3648K, reserved 1048576K
}
Event: 31.521 GC heap before
{Heap before GC invocations=19 (full 0):
 garbage-first heap   total 68608K, used 59290K [0x00000000c1600000, 0x0000000100000000)
  region size 1024K, 14 young (14336K), 3 survivors (3072K)
 Metaspace       used 29360K, committed 29760K, reserved 1114112K
  class space    used 3465K, committed 3648K, reserved 1048576K
}
Event: 31.536 GC heap after
{Heap after GC invocations=20 (full 0):
 garbage-first heap   total 68608K, used 45317K [0x00000000c1600000, 0x0000000100000000)
  region size 1024K, 2 young (2048K), 2 survivors (2048K)
 Metaspace       used 29360K, committed 29760K, reserved 1114112K
  class space    used 3465K, committed 3648K, reserved 1048576K
}
Event: 32.074 GC heap before
{Heap before GC invocations=20 (full 0):
 garbage-first heap   total 68608K, used 56581K [0x00000000c1600000, 0x0000000100000000)
  region size 1024K, 14 young (14336K), 2 survivors (2048K)
 Metaspace       used 29368K, committed 29760K, reserved 1114112K
  class space    used 3465K, committed 3648K, reserved 1048576K
}
Event: 32.097 GC heap after
{Heap after GC invocations=21 (full 0):
 garbage-first heap   total 68608K, used 45568K [0x00000000c1600000, 0x0000000100000000)
  region size 1024K, 2 young (2048K), 2 survivors (2048K)
 Metaspace       used 29368K, committed 29760K, reserved 1114112K
  class space    used 3465K, committed 3648K, reserved 1048576K
}
Event: 32.664 GC heap before
{Heap before GC invocations=21 (full 0):
 garbage-first heap   total 68608K, used 55808K [0x00000000c1600000, 0x0000000100000000)
  region size 1024K, 13 young (13312K), 2 survivors (2048K)
 Metaspace       used 29461K, committed 29888K, reserved 1114112K
  class space    used 3468K, committed 3648K, reserved 1048576K
}
Event: 32.674 GC heap after
{Heap after GC invocations=22 (full 0):
 garbage-first heap   total 68608K, used 49664K [0x00000000c1600000, 0x0000000100000000)
  region size 1024K, 2 young (2048K), 2 survivors (2048K)
 Metaspace       used 29461K, committed 29888K, reserved 1114112K
  class space    used 3468K, committed 3648K, reserved 1048576K
}
Event: 33.862 GC heap before
{Heap before GC invocations=23 (full 0):
 garbage-first heap   total 83968K, used 57856K [0x00000000c1600000, 0x0000000100000000)
  region size 1024K, 11 young (11264K), 2 survivors (2048K)
 Metaspace       used 28461K, committed 28864K, reserved 1114112K
  class space    used 3353K, committed 3520K, reserved 1048576K
}
Event: 33.867 GC heap after
{Heap after GC invocations=24 (full 0):
 garbage-first heap   total 83968K, used 50382K [0x00000000c1600000, 0x0000000100000000)
  region size 1024K, 1 young (1024K), 1 survivors (1024K)
 Metaspace       used 28461K, committed 28864K, reserved 1114112K
  class space    used 3353K, committed 3520K, reserved 1048576K
}
Event: 34.941 GC heap before
{Heap before GC invocations=24 (full 0):
 garbage-first heap   total 83968K, used 68814K [0x00000000c1600000, 0x0000000100000000)
  region size 1024K, 20 young (20480K), 1 survivors (1024K)
 Metaspace       used 29372K, committed 29760K, reserved 1114112K
  class space    used 3462K, committed 3648K, reserved 1048576K
}
Event: 34.948 GC heap after
{Heap after GC invocations=25 (full 0):
 garbage-first heap   total 83968K, used 44094K [0x00000000c1600000, 0x0000000100000000)
  region size 1024K, 1 young (1024K), 1 survivors (1024K)
 Metaspace       used 29372K, committed 29760K, reserved 1114112K
  class space    used 3462K, committed 3648K, reserved 1048576K
}

